{"/home/jw/Programs/SpringBoard/express-biztime/app.js": {"path":"/home/jw/Programs/SpringBoard/express-biztime/app.js","statementMap":{"0":{"start":{"line":4,"column":16},"end":{"line":4,"column":34}},"1":{"start":{"line":6,"column":12},"end":{"line":6,"column":21}},"2":{"start":{"line":7,"column":19},"end":{"line":7,"column":48}},"3":{"start":{"line":8,"column":23},"end":{"line":8,"column":51}},"4":{"start":{"line":9,"column":23},"end":{"line":9,"column":53}},"5":{"start":{"line":10,"column":21},"end":{"line":10,"column":46}},"6":{"start":{"line":12,"column":0},"end":{"line":12,"column":24}},"7":{"start":{"line":14,"column":0},"end":{"line":14,"column":33}},"8":{"start":{"line":15,"column":0},"end":{"line":15,"column":36}},"9":{"start":{"line":16,"column":0},"end":{"line":16,"column":38}},"10":{"start":{"line":20,"column":0},"end":{"line":23,"column":3}},"11":{"start":{"line":21,"column":14},"end":{"line":21,"column":48}},"12":{"start":{"line":22,"column":2},"end":{"line":22,"column":19}},"13":{"start":{"line":27,"column":0},"end":{"line":34,"column":3}},"14":{"start":{"line":28,"column":2},"end":{"line":28,"column":32}},"15":{"start":{"line":30,"column":2},"end":{"line":33,"column":5}},"16":{"start":{"line":37,"column":0},"end":{"line":37,"column":21}}},"fnMap":{"0":{"name":"(anonymous_0)","decl":{"start":{"line":20,"column":8},"end":{"line":20,"column":9}},"loc":{"start":{"line":20,"column":33},"end":{"line":23,"column":1}},"line":20},"1":{"name":"(anonymous_1)","decl":{"start":{"line":27,"column":8},"end":{"line":27,"column":9}},"loc":{"start":{"line":27,"column":33},"end":{"line":34,"column":1}},"line":27}},"branchMap":{"0":{"loc":{"start":{"line":28,"column":13},"end":{"line":28,"column":30}},"type":"binary-expr","locations":[{"start":{"line":28,"column":13},"end":{"line":28,"column":23}},{"start":{"line":28,"column":27},"end":{"line":28,"column":30}}],"line":28}},"s":{"0":3,"1":3,"2":3,"3":3,"4":3,"5":3,"6":3,"7":3,"8":3,"9":3,"10":3,"11":1,"12":1,"13":3,"14":4,"15":4,"16":3},"f":{"0":1,"1":4},"b":{"0":[4,0]},"_coverageSchema":"1a1c01bbd47fc00a2c39e90264f33305004495a9","hash":"2613c10840809e2ba4e8617c217a354c14051858"}
,"/home/jw/Programs/SpringBoard/express-biztime/db.js": {"path":"/home/jw/Programs/SpringBoard/express-biztime/db.js","statementMap":{"0":{"start":{"line":4,"column":4},"end":{"line":4,"column":27}},"1":{"start":{"line":7,"column":25},"end":{"line":7,"column":38}},"2":{"start":{"line":9,"column":13},"end":{"line":9,"column":23}},"3":{"start":{"line":18,"column":15},"end":{"line":18,"column":27}},"4":{"start":{"line":19,"column":0},"end":{"line":19,"column":15}},"5":{"start":{"line":21,"column":0},"end":{"line":21,"column":24}}},"fnMap":{"0":{"name":"connect","decl":{"start":{"line":3,"column":15},"end":{"line":3,"column":22}},"loc":{"start":{"line":3,"column":31},"end":{"line":5,"column":1}},"line":3}},"branchMap":{},"s":{"0":3,"1":3,"2":3,"3":3,"4":3,"5":3},"f":{"0":3},"b":{},"_coverageSchema":"1a1c01bbd47fc00a2c39e90264f33305004495a9","hash":"94c4da92a2eed5165c3b38db833a0fdacd429daf"}
,"/home/jw/Programs/SpringBoard/express-biztime/expressError.js": {"path":"/home/jw/Programs/SpringBoard/express-biztime/expressError.js","statementMap":{"0":{"start":{"line":9,"column":4},"end":{"line":9,"column":12}},"1":{"start":{"line":10,"column":4},"end":{"line":10,"column":27}},"2":{"start":{"line":11,"column":4},"end":{"line":11,"column":25}},"3":{"start":{"line":12,"column":4},"end":{"line":12,"column":30}},"4":{"start":{"line":17,"column":0},"end":{"line":17,"column":30}}},"fnMap":{"0":{"name":"(anonymous_0)","decl":{"start":{"line":8,"column":2},"end":{"line":8,"column":3}},"loc":{"start":{"line":8,"column":31},"end":{"line":13,"column":3}},"line":8}},"branchMap":{},"s":{"0":1,"1":1,"2":1,"3":1,"4":3},"f":{"0":1},"b":{},"_coverageSchema":"1a1c01bbd47fc00a2c39e90264f33305004495a9","hash":"6b15877716a3a1f8c8d81e2a5b754d49f322e599"}
,"/home/jw/Programs/SpringBoard/express-biztime/routes/companies.js": {"path":"/home/jw/Programs/SpringBoard/express-biztime/routes/companies.js","statementMap":{"0":{"start":{"line":2,"column":16},"end":{"line":2,"column":34}},"1":{"start":{"line":3,"column":16},"end":{"line":3,"column":34}},"2":{"start":{"line":4,"column":15},"end":{"line":4,"column":35}},"3":{"start":{"line":5,"column":11},"end":{"line":5,"column":27}},"4":{"start":{"line":6,"column":21},"end":{"line":6,"column":47}},"5":{"start":{"line":10,"column":0},"end":{"line":17,"column":3}},"6":{"start":{"line":11,"column":4},"end":{"line":16,"column":5}},"7":{"start":{"line":12,"column":29},"end":{"line":12,"column":93}},"8":{"start":{"line":13,"column":8},"end":{"line":13,"column":57}},"9":{"start":{"line":15,"column":8},"end":{"line":15,"column":24}},"10":{"start":{"line":23,"column":0},"end":{"line":55,"column":3}},"11":{"start":{"line":24,"column":4},"end":{"line":54,"column":5}},"12":{"start":{"line":25,"column":27},"end":{"line":27,"column":30}},"13":{"start":{"line":29,"column":37},"end":{"line":31,"column":30}},"14":{"start":{"line":33,"column":25},"end":{"line":33,"column":27}},"15":{"start":{"line":34,"column":8},"end":{"line":44,"column":9}},"16":{"start":{"line":36,"column":12},"end":{"line":43,"column":13}},"17":{"start":{"line":37,"column":29},"end":{"line":37,"column":75}},"18":{"start":{"line":38,"column":29},"end":{"line":41,"column":17}},"19":{"start":{"line":42,"column":16},"end":{"line":42,"column":57}},"20":{"start":{"line":46,"column":8},"end":{"line":50,"column":9}},"21":{"start":{"line":47,"column":32},"end":{"line":47,"column":93}},"22":{"start":{"line":48,"column":12},"end":{"line":48,"column":39}},"23":{"start":{"line":49,"column":12},"end":{"line":49,"column":32}},"24":{"start":{"line":51,"column":8},"end":{"line":51,"column":78}},"25":{"start":{"line":53,"column":8},"end":{"line":53,"column":25}},"26":{"start":{"line":59,"column":0},"end":{"line":71,"column":3}},"27":{"start":{"line":60,"column":4},"end":{"line":70,"column":5}},"28":{"start":{"line":61,"column":27},"end":{"line":65,"column":61}},"29":{"start":{"line":67,"column":8},"end":{"line":67,"column":67}},"30":{"start":{"line":69,"column":8},"end":{"line":69,"column":25}},"31":{"start":{"line":75,"column":0},"end":{"line":97,"column":3}},"32":{"start":{"line":76,"column":4},"end":{"line":96,"column":5}},"33":{"start":{"line":77,"column":21},"end":{"line":77,"column":84}},"34":{"start":{"line":78,"column":8},"end":{"line":80,"column":9}},"35":{"start":{"line":79,"column":12},"end":{"line":79,"column":54}},"36":{"start":{"line":82,"column":23},"end":{"line":87,"column":52}},"37":{"start":{"line":89,"column":8},"end":{"line":91,"column":9}},"38":{"start":{"line":90,"column":12},"end":{"line":90,"column":85}},"39":{"start":{"line":93,"column":8},"end":{"line":93,"column":52}},"40":{"start":{"line":95,"column":8},"end":{"line":95,"column":25}},"41":{"start":{"line":101,"column":0},"end":{"line":113,"column":3}},"42":{"start":{"line":102,"column":4},"end":{"line":112,"column":5}},"43":{"start":{"line":103,"column":23},"end":{"line":104,"column":82}},"44":{"start":{"line":106,"column":8},"end":{"line":108,"column":9}},"45":{"start":{"line":107,"column":12},"end":{"line":107,"column":96}},"46":{"start":{"line":109,"column":8},"end":{"line":109,"column":56}},"47":{"start":{"line":111,"column":8},"end":{"line":111,"column":25}},"48":{"start":{"line":115,"column":0},"end":{"line":115,"column":24}}},"fnMap":{"0":{"name":"(anonymous_0)","decl":{"start":{"line":10,"column":16},"end":{"line":10,"column":17}},"loc":{"start":{"line":10,"column":47},"end":{"line":17,"column":1}},"line":10},"1":{"name":"(anonymous_1)","decl":{"start":{"line":23,"column":21},"end":{"line":23,"column":22}},"loc":{"start":{"line":23,"column":52},"end":{"line":55,"column":1}},"line":23},"2":{"name":"(anonymous_2)","decl":{"start":{"line":59,"column":17},"end":{"line":59,"column":18}},"loc":{"start":{"line":59,"column":48},"end":{"line":71,"column":1}},"line":59},"3":{"name":"(anonymous_3)","decl":{"start":{"line":75,"column":16},"end":{"line":75,"column":17}},"loc":{"start":{"line":75,"column":47},"end":{"line":97,"column":1}},"line":75},"4":{"name":"(anonymous_4)","decl":{"start":{"line":101,"column":24},"end":{"line":101,"column":25}},"loc":{"start":{"line":101,"column":55},"end":{"line":113,"column":1}},"line":101}},"branchMap":{"0":{"loc":{"start":{"line":34,"column":8},"end":{"line":44,"column":9}},"type":"if","locations":[{"start":{"line":34,"column":8},"end":{"line":44,"column":9}},{"start":{"line":34,"column":8},"end":{"line":44,"column":9}}],"line":34},"1":{"loc":{"start":{"line":46,"column":8},"end":{"line":50,"column":9}},"type":"if","locations":[{"start":{"line":46,"column":8},"end":{"line":50,"column":9}},{"start":{"line":46,"column":8},"end":{"line":50,"column":9}}],"line":46},"2":{"loc":{"start":{"line":78,"column":8},"end":{"line":80,"column":9}},"type":"if","locations":[{"start":{"line":78,"column":8},"end":{"line":80,"column":9}},{"start":{"line":78,"column":8},"end":{"line":80,"column":9}}],"line":78},"3":{"loc":{"start":{"line":89,"column":8},"end":{"line":91,"column":9}},"type":"if","locations":[{"start":{"line":89,"column":8},"end":{"line":91,"column":9}},{"start":{"line":89,"column":8},"end":{"line":91,"column":9}}],"line":89},"4":{"loc":{"start":{"line":106,"column":8},"end":{"line":108,"column":9}},"type":"if","locations":[{"start":{"line":106,"column":8},"end":{"line":108,"column":9}},{"start":{"line":106,"column":8},"end":{"line":108,"column":9}}],"line":106}},"s":{"0":3,"1":3,"2":3,"3":3,"4":3,"5":3,"6":1,"7":1,"8":1,"9":0,"10":3,"11":2,"12":2,"13":2,"14":2,"15":2,"16":2,"17":0,"18":0,"19":0,"20":2,"21":1,"22":1,"23":1,"24":1,"25":1,"26":3,"27":1,"28":1,"29":1,"30":0,"31":3,"32":1,"33":1,"34":1,"35":0,"36":1,"37":1,"38":0,"39":1,"40":0,"41":3,"42":1,"43":1,"44":1,"45":0,"46":1,"47":0,"48":3},"f":{"0":1,"1":2,"2":1,"3":1,"4":1},"b":{"0":[2,0],"1":[1,1],"2":[0,1],"3":[0,1],"4":[0,1]},"_coverageSchema":"1a1c01bbd47fc00a2c39e90264f33305004495a9","hash":"e717b111fe0bdbfe9cf08563639d3bbafe4fd355"}
,"/home/jw/Programs/SpringBoard/express-biztime/routes/industries.js": {"path":"/home/jw/Programs/SpringBoard/express-biztime/routes/industries.js","statementMap":{"0":{"start":{"line":2,"column":16},"end":{"line":2,"column":34}},"1":{"start":{"line":3,"column":15},"end":{"line":3,"column":35}},"2":{"start":{"line":4,"column":11},"end":{"line":4,"column":27}},"3":{"start":{"line":8,"column":0},"end":{"line":30,"column":3}},"4":{"start":{"line":9,"column":4},"end":{"line":29,"column":5}},"5":{"start":{"line":10,"column":30},"end":{"line":10,"column":86}},"6":{"start":{"line":12,"column":28},"end":{"line":12,"column":30}},"7":{"start":{"line":13,"column":8},"end":{"line":24,"column":9}},"8":{"start":{"line":14,"column":25},"end":{"line":14,"column":58}},"9":{"start":{"line":16,"column":25},"end":{"line":19,"column":13}},"10":{"start":{"line":21,"column":12},"end":{"line":23,"column":13}},"11":{"start":{"line":22,"column":16},"end":{"line":22,"column":61}},"12":{"start":{"line":26,"column":8},"end":{"line":26,"column":85}},"13":{"start":{"line":28,"column":8},"end":{"line":28,"column":24}},"14":{"start":{"line":34,"column":0},"end":{"line":46,"column":3}},"15":{"start":{"line":35,"column":4},"end":{"line":45,"column":5}},"16":{"start":{"line":36,"column":28},"end":{"line":40,"column":43}},"17":{"start":{"line":42,"column":8},"end":{"line":42,"column":69}},"18":{"start":{"line":44,"column":8},"end":{"line":44,"column":25}},"19":{"start":{"line":50,"column":0},"end":{"line":62,"column":2}},"20":{"start":{"line":51,"column":4},"end":{"line":61,"column":5}},"21":{"start":{"line":52,"column":32},"end":{"line":56,"column":50}},"22":{"start":{"line":58,"column":8},"end":{"line":58,"column":77}},"23":{"start":{"line":60,"column":8},"end":{"line":60,"column":25}},"24":{"start":{"line":64,"column":0},"end":{"line":64,"column":24}}},"fnMap":{"0":{"name":"(anonymous_0)","decl":{"start":{"line":8,"column":16},"end":{"line":8,"column":17}},"loc":{"start":{"line":8,"column":47},"end":{"line":30,"column":1}},"line":8},"1":{"name":"(anonymous_1)","decl":{"start":{"line":34,"column":17},"end":{"line":34,"column":18}},"loc":{"start":{"line":34,"column":48},"end":{"line":46,"column":1}},"line":34},"2":{"name":"(anonymous_2)","decl":{"start":{"line":50,"column":29},"end":{"line":50,"column":30}},"loc":{"start":{"line":50,"column":60},"end":{"line":62,"column":1}},"line":50}},"branchMap":{"0":{"loc":{"start":{"line":21,"column":12},"end":{"line":23,"column":13}},"type":"if","locations":[{"start":{"line":21,"column":12},"end":{"line":23,"column":13}},{"start":{"line":21,"column":12},"end":{"line":23,"column":13}}],"line":21}},"s":{"0":3,"1":3,"2":3,"3":3,"4":1,"5":1,"6":1,"7":1,"8":1,"9":1,"10":1,"11":1,"12":1,"13":0,"14":3,"15":1,"16":1,"17":1,"18":0,"19":3,"20":1,"21":1,"22":1,"23":0,"24":3},"f":{"0":1,"1":1,"2":1},"b":{"0":[1,0]},"_coverageSchema":"1a1c01bbd47fc00a2c39e90264f33305004495a9","hash":"fcd07a235602ae14fb0dbda0bcde6e435fc6253c"}
,"/home/jw/Programs/SpringBoard/express-biztime/routes/invoices.js": {"path":"/home/jw/Programs/SpringBoard/express-biztime/routes/invoices.js","statementMap":{"0":{"start":{"line":3,"column":16},"end":{"line":3,"column":34}},"1":{"start":{"line":4,"column":15},"end":{"line":4,"column":35}},"2":{"start":{"line":5,"column":11},"end":{"line":5,"column":27}},"3":{"start":{"line":6,"column":21},"end":{"line":6,"column":47}},"4":{"start":{"line":10,"column":0},"end":{"line":17,"column":3}},"5":{"start":{"line":11,"column":4},"end":{"line":16,"column":5}},"6":{"start":{"line":12,"column":25},"end":{"line":12,"column":66}},"7":{"start":{"line":13,"column":8},"end":{"line":13,"column":52}},"8":{"start":{"line":15,"column":8},"end":{"line":15,"column":24}},"9":{"start":{"line":23,"column":0},"end":{"line":37,"column":3}},"10":{"start":{"line":24,"column":4},"end":{"line":36,"column":5}},"11":{"start":{"line":25,"column":27},"end":{"line":26,"column":69}},"12":{"start":{"line":28,"column":8},"end":{"line":32,"column":9}},"13":{"start":{"line":29,"column":32},"end":{"line":29,"column":89}},"14":{"start":{"line":30,"column":12},"end":{"line":30,"column":39}},"15":{"start":{"line":31,"column":12},"end":{"line":31,"column":32}},"16":{"start":{"line":33,"column":8},"end":{"line":33,"column":57}},"17":{"start":{"line":35,"column":8},"end":{"line":35,"column":25}},"18":{"start":{"line":43,"column":0},"end":{"line":55,"column":3}},"19":{"start":{"line":44,"column":4},"end":{"line":54,"column":5}},"20":{"start":{"line":45,"column":27},"end":{"line":49,"column":42}},"21":{"start":{"line":51,"column":8},"end":{"line":51,"column":67}},"22":{"start":{"line":53,"column":8},"end":{"line":53,"column":25}},"23":{"start":{"line":61,"column":0},"end":{"line":100,"column":3}},"24":{"start":{"line":62,"column":4},"end":{"line":99,"column":5}},"25":{"start":{"line":63,"column":8},"end":{"line":65,"column":9}},"26":{"start":{"line":64,"column":12},"end":{"line":64,"column":54}},"27":{"start":{"line":67,"column":27},"end":{"line":68,"column":69}},"28":{"start":{"line":70,"column":8},"end":{"line":74,"column":9}},"29":{"start":{"line":71,"column":32},"end":{"line":71,"column":89}},"30":{"start":{"line":72,"column":12},"end":{"line":72,"column":39}},"31":{"start":{"line":73,"column":12},"end":{"line":73,"column":32}},"32":{"start":{"line":75,"column":8},"end":{"line":75,"column":37}},"33":{"start":{"line":78,"column":8},"end":{"line":84,"column":9}},"34":{"start":{"line":79,"column":12},"end":{"line":79,"column":29}},"35":{"start":{"line":80,"column":15},"end":{"line":84,"column":9}},"36":{"start":{"line":81,"column":12},"end":{"line":81,"column":23}},"37":{"start":{"line":83,"column":12},"end":{"line":83,"column":40}},"38":{"start":{"line":85,"column":23},"end":{"line":90,"column":44}},"39":{"start":{"line":92,"column":8},"end":{"line":94,"column":9}},"40":{"start":{"line":93,"column":12},"end":{"line":93,"column":92}},"41":{"start":{"line":96,"column":8},"end":{"line":96,"column":52}},"42":{"start":{"line":98,"column":8},"end":{"line":98,"column":25}},"43":{"start":{"line":104,"column":0},"end":{"line":116,"column":3}},"44":{"start":{"line":105,"column":4},"end":{"line":115,"column":5}},"45":{"start":{"line":106,"column":23},"end":{"line":107,"column":75}},"46":{"start":{"line":109,"column":8},"end":{"line":111,"column":9}},"47":{"start":{"line":110,"column":12},"end":{"line":110,"column":92}},"48":{"start":{"line":112,"column":8},"end":{"line":112,"column":45}},"49":{"start":{"line":114,"column":8},"end":{"line":114,"column":25}},"50":{"start":{"line":118,"column":0},"end":{"line":118,"column":24}}},"fnMap":{"0":{"name":"(anonymous_0)","decl":{"start":{"line":10,"column":16},"end":{"line":10,"column":17}},"loc":{"start":{"line":10,"column":47},"end":{"line":17,"column":1}},"line":10},"1":{"name":"(anonymous_1)","decl":{"start":{"line":23,"column":19},"end":{"line":23,"column":20}},"loc":{"start":{"line":23,"column":50},"end":{"line":37,"column":1}},"line":23},"2":{"name":"(anonymous_2)","decl":{"start":{"line":43,"column":17},"end":{"line":43,"column":18}},"loc":{"start":{"line":43,"column":48},"end":{"line":55,"column":1}},"line":43},"3":{"name":"(anonymous_3)","decl":{"start":{"line":61,"column":19},"end":{"line":61,"column":20}},"loc":{"start":{"line":61,"column":50},"end":{"line":100,"column":1}},"line":61},"4":{"name":"(anonymous_4)","decl":{"start":{"line":104,"column":22},"end":{"line":104,"column":23}},"loc":{"start":{"line":104,"column":53},"end":{"line":116,"column":1}},"line":104}},"branchMap":{"0":{"loc":{"start":{"line":28,"column":8},"end":{"line":32,"column":9}},"type":"if","locations":[{"start":{"line":28,"column":8},"end":{"line":32,"column":9}},{"start":{"line":28,"column":8},"end":{"line":32,"column":9}}],"line":28},"1":{"loc":{"start":{"line":63,"column":8},"end":{"line":65,"column":9}},"type":"if","locations":[{"start":{"line":63,"column":8},"end":{"line":65,"column":9}},{"start":{"line":63,"column":8},"end":{"line":65,"column":9}}],"line":63},"2":{"loc":{"start":{"line":70,"column":8},"end":{"line":74,"column":9}},"type":"if","locations":[{"start":{"line":70,"column":8},"end":{"line":74,"column":9}},{"start":{"line":70,"column":8},"end":{"line":74,"column":9}}],"line":70},"3":{"loc":{"start":{"line":78,"column":8},"end":{"line":84,"column":9}},"type":"if","locations":[{"start":{"line":78,"column":8},"end":{"line":84,"column":9}},{"start":{"line":78,"column":8},"end":{"line":84,"column":9}}],"line":78},"4":{"loc":{"start":{"line":80,"column":15},"end":{"line":84,"column":9}},"type":"if","locations":[{"start":{"line":80,"column":15},"end":{"line":84,"column":9}},{"start":{"line":80,"column":15},"end":{"line":84,"column":9}}],"line":80},"5":{"loc":{"start":{"line":92,"column":8},"end":{"line":94,"column":9}},"type":"if","locations":[{"start":{"line":92,"column":8},"end":{"line":94,"column":9}},{"start":{"line":92,"column":8},"end":{"line":94,"column":9}}],"line":92},"6":{"loc":{"start":{"line":109,"column":8},"end":{"line":111,"column":9}},"type":"if","locations":[{"start":{"line":109,"column":8},"end":{"line":111,"column":9}},{"start":{"line":109,"column":8},"end":{"line":111,"column":9}}],"line":109}},"s":{"0":3,"1":3,"2":3,"3":3,"4":3,"5":1,"6":1,"7":1,"8":0,"9":3,"10":2,"11":2,"12":2,"13":1,"14":1,"15":1,"16":1,"17":1,"18":3,"19":1,"20":1,"21":1,"22":0,"23":3,"24":2,"25":2,"26":0,"27":2,"28":2,"29":1,"30":1,"31":1,"32":1,"33":1,"34":0,"35":1,"36":1,"37":0,"38":1,"39":1,"40":0,"41":1,"42":1,"43":3,"44":1,"45":1,"46":1,"47":0,"48":1,"49":0,"50":3},"f":{"0":1,"1":2,"2":1,"3":2,"4":1},"b":{"0":[1,1],"1":[0,2],"2":[1,1],"3":[0,1],"4":[1,0],"5":[0,1],"6":[0,1]},"_coverageSchema":"1a1c01bbd47fc00a2c39e90264f33305004495a9","hash":"1a513bd63d930610642a8b75147092b2064554d0"}
}
