TN:
SF:app.js
FN:20,(anonymous_0)
FN:27,(anonymous_1)
FNF:2
FNH:2
FNDA:1,(anonymous_0)
FNDA:4,(anonymous_1)
DA:4,3
DA:6,3
DA:7,3
DA:8,3
DA:9,3
DA:10,3
DA:12,3
DA:14,3
DA:15,3
DA:16,3
DA:20,3
DA:21,1
DA:22,1
DA:27,3
DA:28,4
DA:30,4
DA:37,3
LF:17
LH:17
BRDA:28,0,0,4
BRDA:28,0,1,0
BRF:2
BRH:1
end_of_record
TN:
SF:db.js
FN:3,connect
FNF:1
FNH:1
FNDA:3,connect
DA:4,3
DA:7,3
DA:9,3
DA:18,3
DA:19,3
DA:21,3
LF:6
LH:6
BRF:0
BRH:0
end_of_record
TN:
SF:expressError.js
FN:8,(anonymous_0)
FNF:1
FNH:1
FNDA:1,(anonymous_0)
DA:9,1
DA:10,1
DA:11,1
DA:12,1
DA:17,3
LF:5
LH:5
BRF:0
BRH:0
end_of_record
TN:
SF:routes/companies.js
FN:10,(anonymous_0)
FN:23,(anonymous_1)
FN:59,(anonymous_2)
FN:75,(anonymous_3)
FN:101,(anonymous_4)
FNF:5
FNH:5
FNDA:1,(anonymous_0)
FNDA:2,(anonymous_1)
FNDA:1,(anonymous_2)
FNDA:1,(anonymous_3)
FNDA:1,(anonymous_4)
DA:2,3
DA:3,3
DA:4,3
DA:5,3
DA:6,3
DA:10,3
DA:11,1
DA:12,1
DA:13,1
DA:15,0
DA:23,3
DA:24,2
DA:25,2
DA:29,2
DA:33,2
DA:34,2
DA:36,2
DA:37,0
DA:38,0
DA:42,0
DA:46,2
DA:47,1
DA:48,1
DA:49,1
DA:51,1
DA:53,1
DA:59,3
DA:60,1
DA:61,1
DA:67,1
DA:69,0
DA:75,3
DA:76,1
DA:77,1
DA:78,1
DA:79,0
DA:82,1
DA:89,1
DA:90,0
DA:93,1
DA:95,0
DA:101,3
DA:102,1
DA:103,1
DA:106,1
DA:107,0
DA:109,1
DA:111,0
DA:115,3
LF:49
LH:39
BRDA:34,0,0,2
BRDA:34,0,1,0
BRDA:46,1,0,1
BRDA:46,1,1,1
BRDA:78,2,0,0
BRDA:78,2,1,1
BRDA:89,3,0,0
BRDA:89,3,1,1
BRDA:106,4,0,0
BRDA:106,4,1,1
BRF:10
BRH:6
end_of_record
TN:
SF:routes/industries.js
FN:8,(anonymous_0)
FN:34,(anonymous_1)
FN:50,(anonymous_2)
FNF:3
FNH:3
FNDA:1,(anonymous_0)
FNDA:1,(anonymous_1)
FNDA:1,(anonymous_2)
DA:2,3
DA:3,3
DA:4,3
DA:8,3
DA:9,1
DA:10,1
DA:12,1
DA:13,1
DA:14,1
DA:16,1
DA:21,1
DA:22,1
DA:26,1
DA:28,0
DA:34,3
DA:35,1
DA:36,1
DA:42,1
DA:44,0
DA:50,3
DA:51,1
DA:52,1
DA:58,1
DA:60,0
DA:64,3
LF:25
LH:22
BRDA:21,0,0,1
BRDA:21,0,1,0
BRF:2
BRH:1
end_of_record
TN:
SF:routes/invoices.js
FN:10,(anonymous_0)
FN:23,(anonymous_1)
FN:43,(anonymous_2)
FN:61,(anonymous_3)
FN:104,(anonymous_4)
FNF:5
FNH:5
FNDA:1,(anonymous_0)
FNDA:2,(anonymous_1)
FNDA:1,(anonymous_2)
FNDA:2,(anonymous_3)
FNDA:1,(anonymous_4)
DA:3,3
DA:4,3
DA:5,3
DA:6,3
DA:10,3
DA:11,1
DA:12,1
DA:13,1
DA:15,0
DA:23,3
DA:24,2
DA:25,2
DA:28,2
DA:29,1
DA:30,1
DA:31,1
DA:33,1
DA:35,1
DA:43,3
DA:44,1
DA:45,1
DA:51,1
DA:53,0
DA:61,3
DA:62,2
DA:63,2
DA:64,0
DA:67,2
DA:70,2
DA:71,1
DA:72,1
DA:73,1
DA:75,1
DA:78,1
DA:79,0
DA:80,1
DA:81,1
DA:83,0
DA:85,1
DA:92,1
DA:93,0
DA:96,1
DA:98,1
DA:104,3
DA:105,1
DA:106,1
DA:109,1
DA:110,0
DA:112,1
DA:114,0
DA:118,3
LF:51
LH:43
BRDA:28,0,0,1
BRDA:28,0,1,1
BRDA:63,1,0,0
BRDA:63,1,1,2
BRDA:70,2,0,1
BRDA:70,2,1,1
BRDA:78,3,0,0
BRDA:78,3,1,1
BRDA:80,4,0,1
BRDA:80,4,1,0
BRDA:92,5,0,0
BRDA:92,5,1,1
BRDA:109,6,0,0
BRDA:109,6,1,1
BRF:14
BRH:9
end_of_record
